Logging to /home/admin2/svjdm/experiments/ablation_model_20260309.log

############################################################
# Model Ablation Study — d = 50
############################################################
  MC batch 5: 250000/1000000 paths
  MC batch 10: 500000/1000000 paths
  MC batch 15: 750000/1000000 paths
  MC batch 20: 1000000/1000000 paths
  MC price = 0.083572 ± 0.000076  (2.0s, 500000 paths)

MC reference price: 0.083572 ± 0.000076 (2.0s)

============================================================
Training Triple-Net  d=50
============================================================
=== Triple-Net Basket (SVJDM)  d=50  N=100  M=1024 ===
  Epoch    0 | Loss 9.0231e-01 | Y0 0.001056 | 0.4s
  Epoch  100 | Loss 1.4365e-02 | Y0 0.065521 | 22.5s
  Epoch  200 | Loss 1.0341e-02 | Y0 0.081355 | 44.4s
  Epoch  300 | Loss 9.3048e-03 | Y0 0.083405 | 66.5s
  Epoch  400 | Loss 7.4621e-03 | Y0 0.083488 | 88.4s
  Epoch  500 | Loss 6.4794e-03 | Y0 0.083656 | 110.2s
  Epoch  600 | Loss 5.7858e-03 | Y0 0.084064 | 132.2s
  Epoch  700 | Loss 5.2874e-03 | Y0 0.084085 | 154.3s
  Epoch  800 | Loss 4.5471e-03 | Y0 0.082985 | 176.3s
  Epoch  900 | Loss 4.3368e-03 | Y0 0.083492 | 198.3s
  Epoch 1000 | Loss 3.8960e-03 | Y0 0.083552 | 220.2s
  Epoch 1100 | Loss 3.5586e-03 | Y0 0.083871 | 242.2s
  Epoch 1200 | Loss 3.5884e-03 | Y0 0.083419 | 264.3s
  Epoch 1300 | Loss 3.3249e-03 | Y0 0.083189 | 286.2s
  Epoch 1400 | Loss 3.0323e-03 | Y0 0.083843 | 308.0s
  Epoch 1500 | Loss 3.0584e-03 | Y0 0.084067 | 329.9s
  Epoch 1600 | Loss 2.1684e-03 | Y0 0.083801 | 351.8s
  Epoch 1700 | Loss 1.9354e-03 | Y0 0.083676 | 373.6s
  Epoch 1800 | Loss 1.9304e-03 | Y0 0.083522 | 395.6s
  Epoch 1900 | Loss 1.9788e-03 | Y0 0.083616 | 417.4s
  Epoch 2000 | Loss 2.0704e-03 | Y0 0.083588 | 439.2s
  Epoch 2100 | Loss 1.9109e-03 | Y0 0.083758 | 461.2s
  Epoch 2200 | Loss 1.8520e-03 | Y0 0.083464 | 483.0s
  Epoch 2300 | Loss 1.8354e-03 | Y0 0.083555 | 504.9s
  Epoch 2400 | Loss 1.8856e-03 | Y0 0.083280 | 527.0s
  Epoch 2500 | Loss 2.0118e-03 | Y0 0.083593 | 549.0s
  Epoch 2600 | Loss 2.0563e-03 | Y0 0.083598 | 570.9s
  Epoch 2700 | Loss 1.7572e-03 | Y0 0.083584 | 592.8s
  Epoch 2800 | Loss 1.7685e-03 | Y0 0.083587 | 614.8s
  Epoch 2900 | Loss 1.6297e-03 | Y0 0.083546 | 636.7s
  Epoch 2999 | Loss 1.9516e-03 | Y0 0.083598 | 658.3s
Training complete.  Y0 = 0.083598  (658.3s)

============================================================
Training Dual-Net  d=50
============================================================
=== Dual-Net Basket (SVJDM)  d=50  N=100  M=1024 ===
  Epoch    0 | Loss 8.8463e-01 | Y0 0.001056 | 0.2s
  Epoch  100 | Loss 1.4308e-02 | Y0 0.066576 | 15.5s
  Epoch  200 | Loss 9.6995e-03 | Y0 0.082673 | 31.0s
  Epoch  300 | Loss 8.3664e-03 | Y0 0.083720 | 46.3s
  Epoch  400 | Loss 7.4693e-03 | Y0 0.083446 | 61.7s
  Epoch  500 | Loss 6.1155e-03 | Y0 0.083190 | 77.1s
  Epoch  600 | Loss 6.0082e-03 | Y0 0.083095 | 92.5s
  Epoch  700 | Loss 5.2324e-03 | Y0 0.083515 | 107.9s
  Epoch  800 | Loss 4.9640e-03 | Y0 0.083364 | 123.2s
  Epoch  900 | Loss 4.4335e-03 | Y0 0.083212 | 138.6s
  Epoch 1000 | Loss 4.1142e-03 | Y0 0.084235 | 153.9s
  Epoch 1100 | Loss 3.3637e-03 | Y0 0.083194 | 169.3s
  Epoch 1200 | Loss 3.6302e-03 | Y0 0.083838 | 184.7s
  Epoch 1300 | Loss 3.1218e-03 | Y0 0.083802 | 200.1s
  Epoch 1400 | Loss 3.2882e-03 | Y0 0.083333 | 215.4s
  Epoch 1500 | Loss 2.9863e-03 | Y0 0.083177 | 230.9s
  Epoch 1600 | Loss 2.1151e-03 | Y0 0.083424 | 246.2s
  Epoch 1700 | Loss 1.9057e-03 | Y0 0.083393 | 261.5s
  Epoch 1800 | Loss 1.7674e-03 | Y0 0.083514 | 276.9s
  Epoch 1900 | Loss 1.8703e-03 | Y0 0.083530 | 292.2s
  Epoch 2000 | Loss 1.8039e-03 | Y0 0.083510 | 307.7s
  Epoch 2100 | Loss 1.9888e-03 | Y0 0.083567 | 323.0s
  Epoch 2200 | Loss 1.8491e-03 | Y0 0.083580 | 338.4s
  Epoch 2300 | Loss 1.9498e-03 | Y0 0.083439 | 353.8s
  Epoch 2400 | Loss 1.8294e-03 | Y0 0.083389 | 369.3s
  Epoch 2500 | Loss 1.9182e-03 | Y0 0.083677 | 384.7s
  Epoch 2600 | Loss 1.8321e-03 | Y0 0.083663 | 400.1s
  Epoch 2700 | Loss 1.7466e-03 | Y0 0.083639 | 415.4s
  Epoch 2800 | Loss 1.8319e-03 | Y0 0.083613 | 430.7s
  Epoch 2900 | Loss 1.7830e-03 | Y0 0.083559 | 446.1s
  Epoch 2999 | Loss 1.9738e-03 | Y0 0.083575 | 461.3s
Training complete.  Y0 = 0.083575  (461.3s)

============================================================
Training Single-Net  d=50
============================================================
=== Single-Net Basket (SVJDM)  d=50  N=100  M=1024 ===
  Epoch    0 | Loss 8.8015e-01 | Y0 0.001056 | 0.1s
  Epoch  100 | Loss 1.7851e-02 | Y0 0.066961 | 9.6s
  Epoch  200 | Loss 1.4190e-02 | Y0 0.082565 | 19.0s
  Epoch  300 | Loss 1.2220e-02 | Y0 0.084607 | 28.4s
  Epoch  400 | Loss 1.0798e-02 | Y0 0.083671 | 37.9s
  Epoch  500 | Loss 1.0399e-02 | Y0 0.083095 | 47.3s
  Epoch  600 | Loss 8.8292e-03 | Y0 0.083509 | 56.7s
  Epoch  700 | Loss 8.7521e-03 | Y0 0.083565 | 66.2s
  Epoch  800 | Loss 7.7757e-03 | Y0 0.083976 | 75.6s
  Epoch  900 | Loss 7.1549e-03 | Y0 0.083243 | 85.1s
  Epoch 1000 | Loss 7.3386e-03 | Y0 0.084414 | 94.6s
  Epoch 1100 | Loss 7.3686e-03 | Y0 0.083373 | 104.1s
  Epoch 1200 | Loss 6.4156e-03 | Y0 0.084302 | 113.6s
  Epoch 1300 | Loss 6.5827e-03 | Y0 0.083411 | 123.1s
  Epoch 1400 | Loss 6.6961e-03 | Y0 0.083349 | 132.6s
  Epoch 1500 | Loss 5.9644e-03 | Y0 0.083425 | 142.1s
  Epoch 1600 | Loss 5.0447e-03 | Y0 0.083368 | 151.6s
  Epoch 1700 | Loss 5.1357e-03 | Y0 0.083392 | 161.0s
  Epoch 1800 | Loss 4.7936e-03 | Y0 0.083672 | 170.4s
  Epoch 1900 | Loss 4.8600e-03 | Y0 0.083708 | 179.9s
  Epoch 2000 | Loss 5.1314e-03 | Y0 0.083572 | 189.3s
  Epoch 2100 | Loss 4.8655e-03 | Y0 0.083254 | 198.7s
  Epoch 2200 | Loss 5.4565e-03 | Y0 0.083568 | 208.1s
  Epoch 2300 | Loss 4.6659e-03 | Y0 0.083459 | 217.6s
  Epoch 2400 | Loss 5.1341e-03 | Y0 0.083044 | 227.0s
  Epoch 2500 | Loss 4.9916e-03 | Y0 0.083501 | 236.5s
  Epoch 2600 | Loss 4.6860e-03 | Y0 0.083574 | 246.0s
  Epoch 2700 | Loss 4.4572e-03 | Y0 0.083547 | 255.5s
  Epoch 2800 | Loss 4.8296e-03 | Y0 0.083548 | 265.0s
  Epoch 2900 | Loss 4.5375e-03 | Y0 0.083491 | 274.5s
  Epoch 2999 | Loss 4.7074e-03 | Y0 0.083499 | 283.9s
Training complete.  Y0 = 0.083499  (283.9s)

==========================================================================
Model                   Price       AbsErr       RelErr    Time(s)
--------------------------------------------------------------------------
MC (ref)             0.083572            —            —        2.0
Triple-Net           0.083598     0.000026     0.000310      658.3
Dual-Net             0.083575     0.000003     0.000040      461.3
Single-Net           0.083499     0.000073     0.000870      283.9
==========================================================================
Saved: figs/ablation_model_d50.png

Model ablation study complete.
