Logging to /home/admin2/svjdm/experiments/ablation_model_20260312.log

############################################################
# Model Ablation Study — d = 50
############################################################
  MC batch 5: 250000/1000000 paths
  MC batch 10: 500000/1000000 paths
  MC batch 15: 750000/1000000 paths
  MC batch 20: 1000000/1000000 paths
  MC price = 0.083572 ± 0.000076  (2.1s, 500000 paths)

MC reference price: 0.083572 ± 0.000076 (2.1s)

============================================================
Training Triple-Net  d=50
============================================================
=== Triple-Net Basket (SVJDM)  d=50  N=100  M=1024 ===
  Epoch    0 | Loss 9.0231e-01 | Y0 0.001000 | 0.4s
  Epoch  100 | Loss 1.5006e-02 | Y0 0.070330 | 21.8s
  Epoch  200 | Loss 7.9854e-03 | Y0 0.082788 | 43.2s
  Epoch  300 | Loss 7.7024e-03 | Y0 0.084025 | 64.7s
  Epoch  400 | Loss 6.1592e-03 | Y0 0.083752 | 86.1s
  Epoch  500 | Loss 5.8660e-03 | Y0 0.083381 | 107.4s
  Epoch  600 | Loss 5.4950e-03 | Y0 0.083452 | 128.9s
  Epoch  700 | Loss 4.9133e-03 | Y0 0.084082 | 150.2s
  Epoch  800 | Loss 4.4645e-03 | Y0 0.082805 | 171.6s
  Epoch  900 | Loss 4.2075e-03 | Y0 0.083650 | 193.0s
  Epoch 1000 | Loss 3.7190e-03 | Y0 0.083658 | 214.4s
  Epoch 1100 | Loss 3.5882e-03 | Y0 0.083669 | 235.6s
  Epoch 1200 | Loss 3.3776e-03 | Y0 0.084077 | 256.9s
  Epoch 1300 | Loss 3.2826e-03 | Y0 0.083059 | 278.2s
  Epoch 1400 | Loss 2.8468e-03 | Y0 0.084260 | 299.5s
  Epoch 1500 | Loss 2.8857e-03 | Y0 0.084190 | 321.0s
  Epoch 1600 | Loss 2.0401e-03 | Y0 0.083846 | 342.3s
  Epoch 1700 | Loss 1.8570e-03 | Y0 0.083752 | 363.7s
  Epoch 1800 | Loss 1.6392e-03 | Y0 0.083590 | 385.2s
  Epoch 1900 | Loss 1.7927e-03 | Y0 0.083616 | 406.6s
  Epoch 2000 | Loss 1.9393e-03 | Y0 0.083512 | 428.1s
  Epoch 2100 | Loss 1.8497e-03 | Y0 0.083605 | 449.6s
  Epoch 2200 | Loss 1.7598e-03 | Y0 0.083428 | 470.9s
  Epoch 2300 | Loss 1.7714e-03 | Y0 0.083515 | 492.2s
  Epoch 2400 | Loss 1.6956e-03 | Y0 0.083200 | 513.8s
  Epoch 2500 | Loss 1.8784e-03 | Y0 0.083529 | 535.3s
  Epoch 2600 | Loss 1.9217e-03 | Y0 0.083548 | 556.7s
  Epoch 2700 | Loss 1.7129e-03 | Y0 0.083526 | 578.0s
  Epoch 2800 | Loss 1.5990e-03 | Y0 0.083537 | 599.3s
  Epoch 2900 | Loss 1.5622e-03 | Y0 0.083519 | 620.6s
  Epoch 2999 | Loss 1.7990e-03 | Y0 0.083590 | 641.7s
Training complete.  Y0 = 0.083590  (641.7s)

============================================================
Training Dual-Net  d=50
============================================================
=== Dual-Net Basket (SVJDM)  d=50  N=100  M=1024 ===
  Epoch    0 | Loss 8.8463e-01 | Y0 0.001000 | 0.2s
  Epoch  100 | Loss 1.3707e-02 | Y0 0.071352 | 15.2s
  Epoch  200 | Loss 7.8663e-03 | Y0 0.083169 | 30.2s
  Epoch  300 | Loss 7.3735e-03 | Y0 0.083582 | 45.1s
  Epoch  400 | Loss 6.9358e-03 | Y0 0.083143 | 60.0s
  Epoch  500 | Loss 5.4747e-03 | Y0 0.083254 | 75.0s
  Epoch  600 | Loss 5.2135e-03 | Y0 0.082866 | 90.0s
  Epoch  700 | Loss 4.9919e-03 | Y0 0.083372 | 104.9s
  Epoch  800 | Loss 4.3560e-03 | Y0 0.083258 | 119.9s
  Epoch  900 | Loss 4.1567e-03 | Y0 0.083526 | 134.8s
  Epoch 1000 | Loss 3.9238e-03 | Y0 0.084012 | 149.8s
  Epoch 1100 | Loss 3.2412e-03 | Y0 0.083082 | 164.8s
  Epoch 1200 | Loss 3.4432e-03 | Y0 0.083929 | 179.7s
  Epoch 1300 | Loss 3.1062e-03 | Y0 0.083739 | 194.7s
  Epoch 1400 | Loss 3.2066e-03 | Y0 0.083415 | 209.6s
  Epoch 1500 | Loss 3.0189e-03 | Y0 0.083519 | 224.7s
  Epoch 1600 | Loss 1.9687e-03 | Y0 0.083545 | 239.6s
  Epoch 1700 | Loss 1.7374e-03 | Y0 0.083371 | 254.6s
  Epoch 1800 | Loss 1.7640e-03 | Y0 0.083565 | 269.5s
  Epoch 1900 | Loss 1.7801e-03 | Y0 0.083562 | 284.5s
  Epoch 2000 | Loss 1.8135e-03 | Y0 0.083473 | 299.5s
  Epoch 2100 | Loss 1.9207e-03 | Y0 0.083437 | 314.4s
  Epoch 2200 | Loss 1.6966e-03 | Y0 0.083515 | 329.4s
  Epoch 2300 | Loss 1.8277e-03 | Y0 0.083449 | 344.3s
  Epoch 2400 | Loss 1.7564e-03 | Y0 0.083395 | 359.4s
  Epoch 2500 | Loss 1.7836e-03 | Y0 0.083662 | 374.3s
  Epoch 2600 | Loss 1.6918e-03 | Y0 0.083645 | 389.3s
  Epoch 2700 | Loss 1.6631e-03 | Y0 0.083621 | 404.3s
  Epoch 2800 | Loss 1.6994e-03 | Y0 0.083596 | 419.4s
  Epoch 2900 | Loss 1.7058e-03 | Y0 0.083564 | 434.5s
  Epoch 2999 | Loss 1.8764e-03 | Y0 0.083583 | 449.3s
Training complete.  Y0 = 0.083583  (449.3s)

============================================================
Training Single-Net  d=50
============================================================
=== Single-Net Basket (SVJDM)  d=50  N=100  M=1024 ===
  Epoch    0 | Loss 8.8015e-01 | Y0 0.001000 | 0.1s
  Epoch  100 | Loss 1.6729e-02 | Y0 0.071676 | 9.6s
  Epoch  200 | Loss 1.1705e-02 | Y0 0.083072 | 19.0s
  Epoch  300 | Loss 1.0663e-02 | Y0 0.084516 | 28.5s
  Epoch  400 | Loss 1.0099e-02 | Y0 0.083536 | 37.9s
  Epoch  500 | Loss 1.0373e-02 | Y0 0.082900 | 47.3s
  Epoch  600 | Loss 8.1629e-03 | Y0 0.083508 | 56.8s
  Epoch  700 | Loss 7.7475e-03 | Y0 0.083520 | 66.2s
  Epoch  800 | Loss 7.5218e-03 | Y0 0.084023 | 75.7s
  Epoch  900 | Loss 6.9959e-03 | Y0 0.083052 | 85.1s
  Epoch 1000 | Loss 7.1564e-03 | Y0 0.084585 | 94.5s
  Epoch 1100 | Loss 7.3120e-03 | Y0 0.083171 | 104.0s
  Epoch 1200 | Loss 6.7724e-03 | Y0 0.084163 | 113.4s
  Epoch 1300 | Loss 6.1952e-03 | Y0 0.083228 | 122.8s
  Epoch 1400 | Loss 6.7013e-03 | Y0 0.083561 | 132.3s
  Epoch 1500 | Loss 6.2667e-03 | Y0 0.083636 | 141.7s
  Epoch 1600 | Loss 4.8424e-03 | Y0 0.083491 | 151.1s
  Epoch 1700 | Loss 4.9378e-03 | Y0 0.083447 | 160.6s
  Epoch 1800 | Loss 4.4859e-03 | Y0 0.083601 | 170.0s
  Epoch 1900 | Loss 4.7669e-03 | Y0 0.083743 | 179.4s
  Epoch 2000 | Loss 4.7844e-03 | Y0 0.083673 | 188.9s
  Epoch 2100 | Loss 4.7007e-03 | Y0 0.083318 | 198.3s
  Epoch 2200 | Loss 5.2675e-03 | Y0 0.083607 | 207.7s
  Epoch 2300 | Loss 4.6458e-03 | Y0 0.083607 | 217.2s
  Epoch 2400 | Loss 4.8455e-03 | Y0 0.083049 | 226.6s
  Epoch 2500 | Loss 4.8734e-03 | Y0 0.083477 | 236.0s
  Epoch 2600 | Loss 4.5785e-03 | Y0 0.083560 | 245.5s
  Epoch 2700 | Loss 4.3086e-03 | Y0 0.083550 | 254.9s
  Epoch 2800 | Loss 4.7402e-03 | Y0 0.083559 | 264.4s
  Epoch 2900 | Loss 4.5560e-03 | Y0 0.083498 | 273.8s
  Epoch 2999 | Loss 4.5963e-03 | Y0 0.083511 | 283.2s
Training complete.  Y0 = 0.083511  (283.2s)

==========================================================================
Model                   Price       AbsErr       RelErr    Time(s)
--------------------------------------------------------------------------
MC (ref)             0.083572            —            —        2.1
Triple-Net           0.083590     0.000018     0.000210      641.7
Dual-Net             0.083583     0.000011     0.000127      449.3
Single-Net           0.083511     0.000061     0.000734      283.2
==========================================================================
Saved: figs/ablation_model_d50.png

Model ablation study complete.
