Logging to /home/admin2/svjdm/experiments/ablation_structure_20260309.log

############################################################
# Training-Strategy Ablation — d = 50
############################################################

============================================================
  Adam + Constant LR
============================================================
  Epoch    0 | Loss 9.0231e-01 | Y0 0.001000 | 0.5s
  Epoch  100 | Loss 1.5042e-02 | Y0 0.070415 | 21.2s
  Epoch  200 | Loss 7.8551e-03 | Y0 0.082790 | 41.7s
  Epoch  300 | Loss 7.5790e-03 | Y0 0.084140 | 62.4s
  Epoch  400 | Loss 6.2160e-03 | Y0 0.083724 | 82.9s
  Epoch  500 | Loss 5.8636e-03 | Y0 0.083274 | 103.5s
  Epoch  600 | Loss 5.5426e-03 | Y0 0.083683 | 124.1s
  Epoch  700 | Loss 5.0349e-03 | Y0 0.083845 | 144.6s
  Epoch  800 | Loss 4.5062e-03 | Y0 0.082827 | 165.2s
  Epoch  900 | Loss 4.3406e-03 | Y0 0.083706 | 185.8s
  Epoch 1000 | Loss 3.8068e-03 | Y0 0.083794 | 206.4s
  Epoch 1100 | Loss 3.7094e-03 | Y0 0.083704 | 226.9s
  Epoch 1200 | Loss 3.3640e-03 | Y0 0.084082 | 247.5s
  Epoch 1300 | Loss 3.3044e-03 | Y0 0.083042 | 268.0s
  Epoch 1400 | Loss 2.9851e-03 | Y0 0.084118 | 288.6s
  Epoch 1500 | Loss 3.0765e-03 | Y0 0.084075 | 309.2s
  Epoch 1600 | Loss 2.8317e-03 | Y0 0.083496 | 329.8s
  Epoch 1700 | Loss 2.6752e-03 | Y0 0.083008 | 350.4s
  Epoch 1800 | Loss 2.5377e-03 | Y0 0.084107 | 371.0s
  Epoch 1900 | Loss 2.6971e-03 | Y0 0.083569 | 391.5s
  Epoch 2000 | Loss 2.5320e-03 | Y0 0.084261 | 412.1s
  Epoch 2100 | Loss 2.2796e-03 | Y0 0.083968 | 432.6s
  Epoch 2200 | Loss 2.2899e-03 | Y0 0.083163 | 453.1s
  Epoch 2300 | Loss 2.2463e-03 | Y0 0.083580 | 473.6s
  Epoch 2400 | Loss 2.1929e-03 | Y0 0.083744 | 494.2s
  Epoch 2500 | Loss 2.4043e-03 | Y0 0.083097 | 514.6s
  Epoch 2600 | Loss 2.3025e-03 | Y0 0.083895 | 535.1s
  Epoch 2700 | Loss 2.0659e-03 | Y0 0.084426 | 555.6s
  Epoch 2800 | Loss 1.9836e-03 | Y0 0.083740 | 576.1s
  Epoch 2900 | Loss 1.8066e-03 | Y0 0.083079 | 596.6s
  Epoch 2999 | Loss 2.1432e-03 | Y0 0.083578 | 616.9s
Training complete.  Y0 = 0.083578  (616.9s)

============================================================
  NAdam + Constant LR
============================================================
  Epoch    0 | Loss 9.0231e-01 | Y0 0.001056 | 0.3s
  Epoch  100 | Loss 1.4365e-02 | Y0 0.065521 | 22.3s
  Epoch  200 | Loss 1.0341e-02 | Y0 0.081355 | 44.3s
  Epoch  300 | Loss 9.3048e-03 | Y0 0.083405 | 66.3s
  Epoch  400 | Loss 7.4621e-03 | Y0 0.083488 | 88.3s
  Epoch  500 | Loss 6.4794e-03 | Y0 0.083656 | 110.4s
  Epoch  600 | Loss 5.7858e-03 | Y0 0.084064 | 132.4s
  Epoch  700 | Loss 5.2874e-03 | Y0 0.084085 | 154.5s
  Epoch  800 | Loss 4.5471e-03 | Y0 0.082985 | 176.5s
  Epoch  900 | Loss 4.3368e-03 | Y0 0.083492 | 198.6s
  Epoch 1000 | Loss 3.8960e-03 | Y0 0.083552 | 220.8s
  Epoch 1100 | Loss 3.5586e-03 | Y0 0.083871 | 242.9s
  Epoch 1200 | Loss 3.5884e-03 | Y0 0.083419 | 265.0s
  Epoch 1300 | Loss 3.3249e-03 | Y0 0.083189 | 287.0s
  Epoch 1400 | Loss 3.0323e-03 | Y0 0.083843 | 309.1s
  Epoch 1500 | Loss 3.0584e-03 | Y0 0.084039 | 331.2s
  Epoch 1600 | Loss 3.0636e-03 | Y0 0.084047 | 353.3s
  Epoch 1700 | Loss 2.5142e-03 | Y0 0.083629 | 375.3s
  Epoch 1800 | Loss 2.4949e-03 | Y0 0.084002 | 397.5s
  Epoch 1900 | Loss 2.6910e-03 | Y0 0.083395 | 419.5s
  Epoch 2000 | Loss 2.6782e-03 | Y0 0.084010 | 441.6s
  Epoch 2100 | Loss 2.2807e-03 | Y0 0.083933 | 463.8s
  Epoch 2200 | Loss 2.2292e-03 | Y0 0.083528 | 486.0s
  Epoch 2300 | Loss 2.1806e-03 | Y0 0.083191 | 508.2s
  Epoch 2400 | Loss 2.1882e-03 | Y0 0.083676 | 530.5s
  Epoch 2500 | Loss 2.2689e-03 | Y0 0.083141 | 552.7s
  Epoch 2600 | Loss 2.1647e-03 | Y0 0.083704 | 574.9s
  Epoch 2700 | Loss 1.9706e-03 | Y0 0.084102 | 597.0s
  Epoch 2800 | Loss 1.9404e-03 | Y0 0.084078 | 619.0s
  Epoch 2900 | Loss 1.7845e-03 | Y0 0.083047 | 640.9s
  Epoch 2999 | Loss 2.0694e-03 | Y0 0.083816 | 662.8s
Training complete.  Y0 = 0.083816  (662.8s)

============================================================
  Adam + Scheduled LR
============================================================
  Epoch    0 | Loss 9.0231e-01 | Y0 0.001000 | 0.2s
  Epoch  100 | Loss 1.5042e-02 | Y0 0.070415 | 21.1s
  Epoch  200 | Loss 7.8551e-03 | Y0 0.082790 | 41.9s
  Epoch  300 | Loss 7.5790e-03 | Y0 0.084140 | 62.7s
  Epoch  400 | Loss 6.2160e-03 | Y0 0.083724 | 83.6s
  Epoch  500 | Loss 5.8636e-03 | Y0 0.083274 | 104.4s
  Epoch  600 | Loss 5.5426e-03 | Y0 0.083683 | 125.2s
  Epoch  700 | Loss 5.0349e-03 | Y0 0.083845 | 146.0s
  Epoch  800 | Loss 4.5062e-03 | Y0 0.082827 | 166.8s
  Epoch  900 | Loss 4.3406e-03 | Y0 0.083706 | 187.7s
  Epoch 1000 | Loss 3.8068e-03 | Y0 0.083794 | 208.6s
  Epoch 1100 | Loss 3.7094e-03 | Y0 0.083704 | 229.4s
  Epoch 1200 | Loss 3.3640e-03 | Y0 0.084082 | 250.2s
  Epoch 1300 | Loss 3.3044e-03 | Y0 0.083042 | 271.1s
  Epoch 1400 | Loss 2.9851e-03 | Y0 0.084118 | 291.7s
  Epoch 1500 | Loss 3.0765e-03 | Y0 0.084075 | 312.4s
  Epoch 1600 | Loss 2.0956e-03 | Y0 0.083815 | 333.3s
  Epoch 1700 | Loss 1.9879e-03 | Y0 0.083750 | 354.1s
  Epoch 1800 | Loss 1.6980e-03 | Y0 0.083596 | 374.9s
  Epoch 1900 | Loss 1.8647e-03 | Y0 0.083646 | 395.8s
  Epoch 2000 | Loss 1.9666e-03 | Y0 0.083483 | 416.5s
  Epoch 2100 | Loss 1.8258e-03 | Y0 0.083592 | 437.2s
  Epoch 2200 | Loss 1.8095e-03 | Y0 0.083377 | 458.0s
  Epoch 2300 | Loss 1.8192e-03 | Y0 0.083495 | 478.7s
  Epoch 2400 | Loss 1.7521e-03 | Y0 0.083232 | 499.4s
  Epoch 2500 | Loss 1.9327e-03 | Y0 0.083512 | 520.2s
  Epoch 2600 | Loss 1.9198e-03 | Y0 0.083528 | 540.9s
  Epoch 2700 | Loss 1.7021e-03 | Y0 0.083507 | 561.8s
  Epoch 2800 | Loss 1.6084e-03 | Y0 0.083533 | 582.5s
  Epoch 2900 | Loss 1.5483e-03 | Y0 0.083510 | 603.2s
  Epoch 2999 | Loss 1.8373e-03 | Y0 0.083575 | 623.8s
Training complete.  Y0 = 0.083575  (623.8s)

============================================================
  NAdam + Scheduled LR
============================================================
  Epoch    0 | Loss 9.0231e-01 | Y0 0.001056 | 0.3s
  Epoch  100 | Loss 1.4365e-02 | Y0 0.065521 | 22.2s
  Epoch  200 | Loss 1.0341e-02 | Y0 0.081355 | 44.3s
  Epoch  300 | Loss 9.3048e-03 | Y0 0.083405 | 66.4s
  Epoch  400 | Loss 7.4621e-03 | Y0 0.083488 | 88.6s
  Epoch  500 | Loss 6.4794e-03 | Y0 0.083656 | 110.8s
  Epoch  600 | Loss 5.7858e-03 | Y0 0.084064 | 132.9s
  Epoch  700 | Loss 5.2874e-03 | Y0 0.084085 | 154.9s
  Epoch  800 | Loss 4.5471e-03 | Y0 0.082985 | 177.1s
  Epoch  900 | Loss 4.3368e-03 | Y0 0.083492 | 199.2s
  Epoch 1000 | Loss 3.8960e-03 | Y0 0.083552 | 221.5s
  Epoch 1100 | Loss 3.5586e-03 | Y0 0.083871 | 243.7s
  Epoch 1200 | Loss 3.5884e-03 | Y0 0.083419 | 265.8s
  Epoch 1300 | Loss 3.3249e-03 | Y0 0.083189 | 288.0s
  Epoch 1400 | Loss 3.0323e-03 | Y0 0.083843 | 310.0s
  Epoch 1500 | Loss 3.0584e-03 | Y0 0.084067 | 332.2s
  Epoch 1600 | Loss 2.1684e-03 | Y0 0.083801 | 354.4s
  Epoch 1700 | Loss 1.9354e-03 | Y0 0.083676 | 376.5s
  Epoch 1800 | Loss 1.9304e-03 | Y0 0.083522 | 398.6s
  Epoch 1900 | Loss 1.9788e-03 | Y0 0.083616 | 420.8s
  Epoch 2000 | Loss 2.0704e-03 | Y0 0.083588 | 442.9s
  Epoch 2100 | Loss 1.9109e-03 | Y0 0.083758 | 465.0s
  Epoch 2200 | Loss 1.8520e-03 | Y0 0.083464 | 487.1s
  Epoch 2300 | Loss 1.8354e-03 | Y0 0.083555 | 509.2s
  Epoch 2400 | Loss 1.8856e-03 | Y0 0.083280 | 531.3s
  Epoch 2500 | Loss 2.0118e-03 | Y0 0.083593 | 553.5s
  Epoch 2600 | Loss 2.0563e-03 | Y0 0.083598 | 575.5s
  Epoch 2700 | Loss 1.7572e-03 | Y0 0.083584 | 597.7s
  Epoch 2800 | Loss 1.7685e-03 | Y0 0.083587 | 619.8s
  Epoch 2900 | Loss 1.6297e-03 | Y0 0.083546 | 641.9s
  Epoch 2999 | Loss 1.9516e-03 | Y0 0.083598 | 663.8s
Training complete.  Y0 = 0.083598  (663.8s)

========================================================================
Group                          Final Y0   Final Loss    Time(s)
------------------------------------------------------------------------
Adam + Constant LR             0.083578   2.1432e-03      616.9
NAdam + Constant LR            0.083816   2.0694e-03      662.8
Adam + Scheduled LR            0.083575   1.8373e-03      623.8
NAdam + Scheduled LR           0.083598   1.9516e-03      663.8
========================================================================
Saved: figs/ablation_structure_d50.png

Training-strategy ablation complete.
