Logging to f:\study\code\svjdm\experiments\ablation_structure_20260310.log

############################################################
# Training-Strategy Ablation — d = 50
############################################################

============================================================
  Adam + Constant LR
============================================================
  Epoch    0 | Loss 7.6631e-01 | Y0 0.001000 | 2.7s
  Epoch   99 | Loss 1.4357e-02 | Y0 0.071149 | 47.7s
Training complete.  Y0 = 0.071149  (47.7s)

============================================================
  AdamW + Constant LR
============================================================
  Epoch    0 | Loss 7.6631e-01 | Y0 0.001000 | 0.6s
  Epoch   99 | Loss 1.4251e-02 | Y0 0.071106 | 45.1s
Training complete.  Y0 = 0.071106  (45.1s)

============================================================
  Adam + Scheduled LR
============================================================
  Epoch    0 | Loss 7.6631e-01 | Y0 0.001000 | 0.6s
  Epoch   99 | Loss 1.4357e-02 | Y0 0.071149 | 45.1s
Training complete.  Y0 = 0.071149  (45.1s)

============================================================
  AdamW + Scheduled LR
============================================================
  Epoch    0 | Loss 7.6631e-01 | Y0 0.001000 | 0.6s
  Epoch   99 | Loss 1.4251e-02 | Y0 0.071106 | 44.2s
Training complete.  Y0 = 0.071106  (44.2s)

========================================================================
Group                          Final Y0   Final Loss    Time(s)
------------------------------------------------------------------------
Adam + Constant LR             0.071149   1.4357e-02       47.7
AdamW + Constant LR            0.071106   1.4251e-02       45.1
Adam + Scheduled LR            0.071149   1.4357e-02       45.1
AdamW + Scheduled LR           0.071106   1.4251e-02       44.2
========================================================================
Saved: figs\ablation_structure_d50.png

Training-strategy ablation complete.
