Logging to /root/Deep-learning-for-Bates-model/experiments/compare_mlp_xnet_20260604.log

############################################################
# MLP vs XNet Comparison — d = 50
############################################################

============================================================
Training Triple-Net MLP  d=50
============================================================
=== Triple-Net Basket (SVJDM)  d=50  N=100  M=1024 ===
  Epoch    0 | Loss 7.9447e-01 | Y0 0.001000 | 0.7s
  Epoch  100 | Loss 1.3109e-02 | Y0 0.072758 | 15.1s
  Epoch  200 | Loss 8.5612e-03 | Y0 0.083221 | 28.7s
  Epoch  300 | Loss 7.9354e-03 | Y0 0.083248 | 41.6s
  Epoch  400 | Loss 6.5495e-03 | Y0 0.083462 | 54.5s
  Epoch  500 | Loss 6.1183e-03 | Y0 0.083222 | 67.8s
  Epoch  600 | Loss 5.3550e-03 | Y0 0.083738 | 80.7s
  Epoch  700 | Loss 5.1936e-03 | Y0 0.083727 | 93.6s
  Epoch  800 | Loss 4.4435e-03 | Y0 0.083367 | 106.8s
  Epoch  900 | Loss 4.3507e-03 | Y0 0.083379 | 119.7s
  Epoch 1000 | Loss 4.1249e-03 | Y0 0.084470 | 132.5s
  Epoch 1100 | Loss 3.7912e-03 | Y0 0.083679 | 145.6s
  Epoch 1200 | Loss 3.1510e-03 | Y0 0.083453 | 159.4s
  Epoch 1300 | Loss 3.2957e-03 | Y0 0.083480 | 173.1s
  Epoch 1400 | Loss 2.9363e-03 | Y0 0.083899 | 186.4s
  Epoch 1500 | Loss 3.0236e-03 | Y0 0.083856 | 199.3s
  Epoch 1600 | Loss 1.9942e-03 | Y0 0.083532 | 213.0s
  Epoch 1700 | Loss 1.8984e-03 | Y0 0.083747 | 225.9s
  Epoch 1800 | Loss 1.9172e-03 | Y0 0.083329 | 238.7s
  Epoch 1900 | Loss 1.7463e-03 | Y0 0.083448 | 251.5s
  Epoch 2000 | Loss 1.7073e-03 | Y0 0.083624 | 264.2s
  Epoch 2100 | Loss 1.7016e-03 | Y0 0.083554 | 277.1s
  Epoch 2200 | Loss 1.9428e-03 | Y0 0.083576 | 290.3s
  Epoch 2300 | Loss 1.8067e-03 | Y0 0.083576 | 303.3s
  Epoch 2400 | Loss 1.8458e-03 | Y0 0.083543 | 316.0s
  Epoch 2500 | Loss 1.7840e-03 | Y0 0.083548 | 329.0s
  Epoch 2600 | Loss 1.7157e-03 | Y0 0.083533 | 342.1s
  Epoch 2700 | Loss 1.8273e-03 | Y0 0.083548 | 354.9s
  Epoch 2800 | Loss 1.6355e-03 | Y0 0.083609 | 367.9s
  Epoch 2900 | Loss 1.7103e-03 | Y0 0.083597 | 381.3s
  Epoch 2999 | Loss 1.8778e-03 | Y0 0.083617 | 393.9s
Training complete.  Y0 = 0.083617  (393.9s)

============================================================
Training Triple-Net XNet  d=50
============================================================
=== XNet Basket (SVJDM)  d=50  N=100  M=1024  L=50 ===
  Epoch    0 | Loss 3.1546e+01 | Y0 0.001000 | 0.3s
  Epoch  100 | Loss 5.4998e-01 | Y0 0.054619 | 16.6s
  Epoch  200 | Loss 4.9642e-01 | Y0 0.078178 | 31.8s
  Epoch  300 | Loss 4.4164e-01 | Y0 0.081958 | 46.4s
  Epoch  400 | Loss 3.6676e-01 | Y0 0.085155 | 61.2s
  Epoch  500 | Loss 3.5239e-01 | Y0 0.081147 | 75.2s
  Epoch  600 | Loss 3.4755e-01 | Y0 0.084667 | 89.4s
  Epoch  700 | Loss 2.7792e-01 | Y0 0.079629 | 103.6s
  Epoch  800 | Loss 2.5571e-01 | Y0 0.083367 | 117.7s
  Epoch  900 | Loss 2.1640e-01 | Y0 0.083395 | 131.9s
  Epoch 1000 | Loss 1.8486e-01 | Y0 0.079598 | 151.3s
  Epoch 1100 | Loss 1.9151e-01 | Y0 0.082539 | 165.3s
  Epoch 1200 | Loss 1.6603e-01 | Y0 0.084234 | 179.0s
  Epoch 1300 | Loss 1.6975e-01 | Y0 0.078972 | 193.5s
  Epoch 1400 | Loss 1.3521e-01 | Y0 0.081750 | 208.0s
  Epoch 1500 | Loss 1.3344e-01 | Y0 0.083900 | 221.8s
  Epoch 1600 | Loss 8.7395e-02 | Y0 0.083352 | 235.7s
  Epoch 1700 | Loss 8.2873e-02 | Y0 0.083910 | 250.8s
  Epoch 1800 | Loss 7.2881e-02 | Y0 0.083778 | 266.1s
  Epoch 1900 | Loss 7.3384e-02 | Y0 0.083767 | 280.0s
  Epoch 2000 | Loss 8.0705e-02 | Y0 0.083900 | 294.5s
  Epoch 2100 | Loss 6.8799e-02 | Y0 0.083547 | 313.4s
  Epoch 2200 | Loss 7.9062e-02 | Y0 0.083567 | 327.5s
  Epoch 2300 | Loss 8.4970e-02 | Y0 0.084189 | 343.6s
  Epoch 2400 | Loss 7.7942e-02 | Y0 0.083526 | 359.4s
  Epoch 2500 | Loss 8.3520e-02 | Y0 0.084115 | 376.0s
  Epoch 2600 | Loss 7.4202e-02 | Y0 0.084155 | 396.0s
  Epoch 2700 | Loss 6.9278e-02 | Y0 0.084110 | 413.6s
  Epoch 2800 | Loss 6.4896e-02 | Y0 0.084062 | 432.7s
  Epoch 2900 | Loss 6.7749e-02 | Y0 0.084037 | 450.4s
  Epoch 2999 | Loss 6.9405e-02 | Y0 0.083927 | 466.2s
Training complete.  Y0 = 0.083927  (466.2s)

==============================================================================
Model                  Final Y0     Final Loss       Params    Time(s)
------------------------------------------------------------------------------
Triple-Net MLP         0.083617     1.8778e-03    3,015,601      393.9
Triple-Net XNet        0.083927     6.9405e-02    1,315,001      466.2
==============================================================================
Saved: figs/compare_mlp_xnet_d50.png

MLP vs XNet comparison complete.
