Logging to /home/admin2/svjdm/experiments/phase4_barrier_jump_20260309.log

############################################################
# lambda = 0.0
############################################################
=== Barrier Option (SVJDM)  d=50  N=100  M=1024 ===
    Barrier=0.7  Rebate=0.0
  Epoch    0 | Loss 5.8146e-01 | Y0 0.001056 | Surv 43.75% | 0.6s
  Epoch  100 | Loss 5.2117e-03 | Y0 0.051594 | Surv 45.70% | 28.5s
  Epoch  200 | Loss 3.9927e-03 | Y0 0.054149 | Surv 44.14% | 56.2s
  Epoch  300 | Loss 4.5831e-03 | Y0 0.054141 | Surv 43.95% | 84.0s
  Epoch  400 | Loss 4.3381e-03 | Y0 0.053784 | Surv 45.90% | 111.9s
  Epoch  500 | Loss 3.5450e-03 | Y0 0.053936 | Surv 45.31% | 139.7s
  Epoch  600 | Loss 3.5838e-03 | Y0 0.054085 | Surv 43.36% | 167.7s
  Epoch  700 | Loss 3.2215e-03 | Y0 0.054170 | Surv 41.50% | 195.5s
  Epoch  800 | Loss 2.7162e-03 | Y0 0.053250 | Surv 44.63% | 223.3s
  Epoch  900 | Loss 2.7499e-03 | Y0 0.053864 | Surv 43.46% | 251.2s
  Epoch 1000 | Loss 2.6277e-03 | Y0 0.054218 | Surv 44.43% | 279.0s
  Epoch 1100 | Loss 2.2820e-03 | Y0 0.054315 | Surv 43.75% | 306.9s
  Epoch 1200 | Loss 2.4445e-03 | Y0 0.053915 | Surv 44.04% | 334.9s
  Epoch 1300 | Loss 2.3514e-03 | Y0 0.053450 | Surv 43.16% | 362.8s
  Epoch 1400 | Loss 2.1571e-03 | Y0 0.053569 | Surv 45.41% | 390.7s
  Epoch 1500 | Loss 2.1998e-03 | Y0 0.054916 | Surv 44.92% | 418.7s
  Epoch 1600 | Loss 1.3449e-03 | Y0 0.054163 | Surv 42.87% | 446.6s
  Epoch 1700 | Loss 1.4271e-03 | Y0 0.054165 | Surv 42.48% | 474.6s
  Epoch 1800 | Loss 1.2616e-03 | Y0 0.054190 | Surv 42.77% | 502.6s
  Epoch 1900 | Loss 1.2771e-03 | Y0 0.053971 | Surv 43.07% | 530.4s
  Epoch 2000 | Loss 1.1840e-03 | Y0 0.054041 | Surv 45.90% | 558.1s
  Epoch 2100 | Loss 1.3107e-03 | Y0 0.053924 | Surv 45.31% | 586.0s
  Epoch 2200 | Loss 1.1471e-03 | Y0 0.053876 | Surv 44.43% | 613.8s
  Epoch 2300 | Loss 1.2179e-03 | Y0 0.054077 | Surv 43.95% | 641.5s
  Epoch 2400 | Loss 1.3066e-03 | Y0 0.054212 | Surv 44.92% | 669.3s
  Epoch 2500 | Loss 1.3636e-03 | Y0 0.054202 | Surv 44.82% | 697.0s
  Epoch 2600 | Loss 1.2435e-03 | Y0 0.054113 | Surv 46.48% | 724.8s
  Epoch 2700 | Loss 1.2716e-03 | Y0 0.054149 | Surv 44.53% | 752.9s
  Epoch 2800 | Loss 1.2675e-03 | Y0 0.054062 | Surv 43.36% | 780.7s
  Epoch 2900 | Loss 1.1159e-03 | Y0 0.054149 | Surv 42.48% | 808.8s
  Epoch 2999 | Loss 1.3063e-03 | Y0 0.054100 | Surv 41.70% | 836.3s
Training complete.  Y0 = 0.054100  (836.3s)
  Evaluated knock-out rate: 0.5618

############################################################
# lambda = 0.5
############################################################
=== Barrier Option (SVJDM)  d=50  N=100  M=1024 ===
    Barrier=0.7  Rebate=0.0
  Epoch    0 | Loss 5.1117e-01 | Y0 0.001056 | Surv 29.79% | 0.3s
  Epoch  100 | Loss 7.7475e-03 | Y0 0.005477 | Surv 32.13% | 28.5s
  Epoch  200 | Loss 7.6152e-03 | Y0 0.007731 | Surv 32.42% | 56.7s
  Epoch  300 | Loss 5.5409e-03 | Y0 0.008490 | Surv 29.39% | 84.8s
  Epoch  400 | Loss 6.2177e-03 | Y0 0.010763 | Surv 33.79% | 113.0s
  Epoch  500 | Loss 5.3834e-03 | Y0 0.010016 | Surv 32.91% | 141.1s
  Epoch  600 | Loss 5.4772e-03 | Y0 0.010746 | Surv 28.42% | 169.2s
  Epoch  700 | Loss 3.8795e-03 | Y0 0.009434 | Surv 31.35% | 197.6s
  Epoch  800 | Loss 4.1676e-03 | Y0 0.009281 | Surv 30.76% | 225.9s
  Epoch  900 | Loss 6.3097e-03 | Y0 0.009602 | Surv 30.27% | 254.0s
  Epoch 1000 | Loss 3.9678e-03 | Y0 0.010703 | Surv 29.59% | 282.3s
  Epoch 1100 | Loss 3.8419e-03 | Y0 0.009927 | Surv 31.54% | 310.5s
  Epoch 1200 | Loss 3.6751e-03 | Y0 0.009514 | Surv 29.20% | 338.7s
  Epoch 1300 | Loss 5.9745e-03 | Y0 0.009084 | Surv 31.54% | 366.9s
  Epoch 1400 | Loss 4.3485e-03 | Y0 0.011659 | Surv 32.91% | 395.0s
  Epoch 1500 | Loss 3.8577e-03 | Y0 0.010547 | Surv 32.62% | 423.2s
  Epoch 1600 | Loss 2.4731e-03 | Y0 0.010174 | Surv 29.69% | 451.3s
  Epoch 1700 | Loss 2.3484e-03 | Y0 0.010500 | Surv 31.35% | 479.4s
  Epoch 1800 | Loss 2.4116e-03 | Y0 0.010618 | Surv 30.37% | 507.6s
  Epoch 1900 | Loss 2.3160e-03 | Y0 0.010279 | Surv 29.49% | 535.7s
  Epoch 2000 | Loss 2.6329e-03 | Y0 0.010341 | Surv 33.11% | 563.9s
  Epoch 2100 | Loss 2.5928e-03 | Y0 0.010493 | Surv 33.01% | 592.1s
  Epoch 2200 | Loss 2.6019e-03 | Y0 0.010155 | Surv 30.57% | 620.1s
  Epoch 2300 | Loss 2.4853e-03 | Y0 0.010312 | Surv 29.69% | 648.3s
  Epoch 2400 | Loss 2.1956e-03 | Y0 0.010232 | Surv 32.03% | 676.6s
  Epoch 2500 | Loss 2.5207e-03 | Y0 0.010400 | Surv 34.08% | 704.6s
  Epoch 2600 | Loss 3.2036e-03 | Y0 0.010325 | Surv 34.38% | 732.7s
  Epoch 2700 | Loss 2.6083e-03 | Y0 0.010387 | Surv 29.30% | 761.2s
  Epoch 2800 | Loss 2.3490e-03 | Y0 0.010304 | Surv 29.59% | 789.4s
  Epoch 2900 | Loss 2.5116e-03 | Y0 0.010362 | Surv 29.20% | 817.5s
  Epoch 2999 | Loss 2.5530e-03 | Y0 0.010404 | Surv 27.44% | 845.4s
Training complete.  Y0 = 0.010404  (845.4s)
  Evaluated knock-out rate: 0.6959

############################################################
# lambda = 1.0
############################################################
=== Barrier Option (SVJDM)  d=50  N=100  M=1024 ===
    Barrier=0.7  Rebate=0.0
  Epoch    0 | Loss 4.7245e-01 | Y0 0.001056 | Surv 24.22% | 0.3s
  Epoch  100 | Loss 9.0970e-03 | Y0 0.000992 | Surv 22.07% | 28.5s
  Epoch  200 | Loss 6.9071e-03 | Y0 0.001202 | Surv 24.41% | 56.5s
  Epoch  300 | Loss 7.2532e-03 | Y0 0.001206 | Surv 23.24% | 84.6s
  Epoch  400 | Loss 6.6052e-03 | Y0 0.002014 | Surv 24.02% | 112.8s
  Epoch  500 | Loss 5.9957e-03 | Y0 0.001434 | Surv 22.46% | 140.9s
  Epoch  600 | Loss 4.9999e-03 | Y0 0.001247 | Surv 19.73% | 169.0s
  Epoch  700 | Loss 5.0854e-03 | Y0 0.000747 | Surv 18.36% | 197.3s
  Epoch  800 | Loss 5.6655e-03 | Y0 0.001590 | Surv 22.17% | 225.4s
  Epoch  900 | Loss 4.7003e-03 | Y0 0.001888 | Surv 21.19% | 253.7s
  Epoch 1000 | Loss 4.3827e-03 | Y0 0.000878 | Surv 19.82% | 282.1s
  Epoch 1100 | Loss 4.9587e-03 | Y0 0.002053 | Surv 22.27% | 310.4s
  Epoch 1200 | Loss 4.6492e-03 | Y0 0.001859 | Surv 21.78% | 338.7s
  Epoch 1300 | Loss 4.1048e-03 | Y0 0.001452 | Surv 20.02% | 367.2s
  Epoch 1400 | Loss 4.4153e-03 | Y0 0.001358 | Surv 22.85% | 395.5s
  Epoch 1500 | Loss 3.5196e-03 | Y0 0.001399 | Surv 24.41% | 423.8s
  Epoch 1600 | Loss 3.5757e-03 | Y0 0.001391 | Surv 19.24% | 452.1s
  Epoch 1700 | Loss 3.6452e-03 | Y0 0.001415 | Surv 21.78% | 480.2s
  Epoch 1800 | Loss 3.2214e-03 | Y0 0.001477 | Surv 21.19% | 508.2s
  Epoch 1900 | Loss 2.8317e-03 | Y0 0.001443 | Surv 20.80% | 536.4s
  Epoch 2000 | Loss 3.0150e-03 | Y0 0.001599 | Surv 22.66% | 564.5s
  Epoch 2100 | Loss 2.9253e-03 | Y0 0.001383 | Surv 21.97% | 592.7s
  Epoch 2200 | Loss 2.9528e-03 | Y0 0.001479 | Surv 20.90% | 620.9s
  Epoch 2300 | Loss 2.8314e-03 | Y0 0.001234 | Surv 17.97% | 649.1s
  Epoch 2400 | Loss 2.6820e-03 | Y0 0.001248 | Surv 22.56% | 677.5s
  Epoch 2500 | Loss 3.0351e-03 | Y0 0.001245 | Surv 22.75% | 705.7s
  Epoch 2600 | Loss 2.8772e-03 | Y0 0.001208 | Surv 22.36% | 734.1s
  Epoch 2700 | Loss 2.8691e-03 | Y0 0.001317 | Surv 23.24% | 762.3s
  Epoch 2800 | Loss 2.8323e-03 | Y0 0.001268 | Surv 21.39% | 790.4s
  Epoch 2900 | Loss 2.7347e-03 | Y0 0.001239 | Surv 23.54% | 818.6s
  Epoch 2999 | Loss 2.6321e-03 | Y0 0.001271 | Surv 19.24% | 846.6s
Training complete.  Y0 = 0.001271  (846.6s)
  Evaluated knock-out rate: 0.7864

############################################################
# lambda = 2.0
############################################################
=== Barrier Option (SVJDM)  d=50  N=100  M=1024 ===
    Barrier=0.7  Rebate=0.0
  Epoch    0 | Loss 3.5059e-01 | Y0 0.001056 | Surv 12.40% | 0.3s
  Epoch  100 | Loss 1.0369e-02 | Y0 0.000126 | Surv 11.23% | 28.5s
  Epoch  200 | Loss 6.6392e-03 | Y0 -0.000340 | Surv 9.47% | 56.7s
  Epoch  300 | Loss 6.8488e-03 | Y0 -0.000394 | Surv 11.23% | 85.0s
  Epoch  400 | Loss 7.5525e-03 | Y0 -0.000101 | Surv 11.82% | 113.3s
  Epoch  500 | Loss 6.8697e-03 | Y0 -0.000148 | Surv 12.21% | 141.5s
  Epoch  600 | Loss 5.0101e-03 | Y0 -0.000108 | Surv 11.43% | 169.7s
  Epoch  700 | Loss 5.8059e-03 | Y0 -0.000586 | Surv 11.52% | 198.0s
  Epoch  800 | Loss 5.1850e-03 | Y0 -0.000016 | Surv 10.94% | 226.1s
  Epoch  900 | Loss 4.8778e-03 | Y0 0.000156 | Surv 12.21% | 254.1s
  Epoch 1000 | Loss 4.0149e-03 | Y0 -0.000391 | Surv 10.35% | 282.4s
  Epoch 1100 | Loss 4.7785e-03 | Y0 -0.000425 | Surv 10.74% | 310.5s
  Epoch 1200 | Loss 4.9925e-03 | Y0 -0.000097 | Surv 10.06% | 338.7s
  Epoch 1300 | Loss 4.3921e-03 | Y0 -0.000237 | Surv 10.45% | 367.0s
  Epoch 1400 | Loss 4.1022e-03 | Y0 -0.000776 | Surv 9.77% | 395.3s
  Epoch 1500 | Loss 3.3411e-03 | Y0 -0.000850 | Surv 8.98% | 423.5s
  Epoch 1600 | Loss 2.9390e-03 | Y0 -0.000535 | Surv 9.57% | 451.7s
  Epoch 1700 | Loss 2.6677e-03 | Y0 -0.000428 | Surv 10.55% | 479.8s
  Epoch 1800 | Loss 3.5999e-03 | Y0 -0.000374 | Surv 10.45% | 508.0s
  Epoch 1900 | Loss 2.9757e-03 | Y0 -0.000331 | Surv 10.45% | 536.4s
  Epoch 2000 | Loss 3.3176e-03 | Y0 -0.000404 | Surv 10.25% | 564.7s
  Epoch 2100 | Loss 3.3715e-03 | Y0 -0.000364 | Surv 11.33% | 592.8s
  Epoch 2200 | Loss 2.6990e-03 | Y0 -0.000471 | Surv 10.35% | 621.1s
  Epoch 2300 | Loss 2.7466e-03 | Y0 -0.000352 | Surv 10.35% | 649.2s
  Epoch 2400 | Loss 3.0666e-03 | Y0 -0.000508 | Surv 10.94% | 677.5s
  Epoch 2500 | Loss 3.0893e-03 | Y0 -0.000399 | Surv 11.23% | 705.6s
  Epoch 2600 | Loss 3.0528e-03 | Y0 -0.000428 | Surv 11.91% | 733.7s
  Epoch 2700 | Loss 2.7606e-03 | Y0 -0.000461 | Surv 10.25% | 761.8s
  Epoch 2800 | Loss 2.5402e-03 | Y0 -0.000416 | Surv 10.74% | 790.1s
  Epoch 2900 | Loss 2.5821e-03 | Y0 -0.000402 | Surv 11.33% | 818.2s
  Epoch 2999 | Loss 2.9137e-03 | Y0 -0.000404 | Surv 10.06% | 846.0s
Training complete.  Y0 = -0.000404  (846.0s)
  Evaluated knock-out rate: 0.8921

========================================================================
    Lambda     Price (Y0)     Knock-out Rate     Time (s)
------------------------------------------------------------------------
       0.0       0.054100            56.18%        836.3
       0.5       0.010404            69.59%        845.4
       1.0       0.001271            78.64%        846.6
       2.0      -0.000404            89.21%        846.0
========================================================================
Saved: figs/phase4_barrier_jump.png

Phase 4 (Jump Impact on Knock-outs) complete.
