Logging to /home/admin2/svjdm/experiments/phase1_accuracy_20260309.log

############################################################
# Phase 1 — d = 1 (COS exact benchmark)
############################################################

COS reference price: 0.13705818  (0.0024s)
  MC batch 5: 500000/10000000 paths
  MC batch 10: 1000000/10000000 paths
  MC batch 15: 1500000/10000000 paths
  MC batch 20: 2000000/10000000 paths
  MC batch 25: 2500000/10000000 paths
  MC batch 30: 3000000/10000000 paths
  MC batch 35: 3500000/10000000 paths
  MC batch 40: 4000000/10000000 paths
  MC batch 45: 4500000/10000000 paths
  MC batch 50: 5000000/10000000 paths
  MC batch 55: 5500000/10000000 paths
  MC batch 60: 6000000/10000000 paths
  MC batch 65: 6500000/10000000 paths
  MC batch 70: 7000000/10000000 paths
  MC batch 75: 7500000/10000000 paths
  MC batch 80: 8000000/10000000 paths
  MC batch 85: 8500000/10000000 paths
  MC batch 90: 9000000/10000000 paths
  MC batch 95: 9500000/10000000 paths
  MC batch 100: 10000000/10000000 paths
  MC price = 0.137188 ± 0.000061  (13.0s, 5000000 paths)
MC  cross-check:    0.13718771 ± 0.000061

============================================================
Training Triple-Net  d=1
============================================================
=== Triple-Net Basket (SVJDM)  d=1  N=100  M=1024 ===
  Epoch    0 | Loss 1.3639e-01 | Y0 0.001056 | 0.4s
  Epoch  100 | Loss 2.7548e-02 | Y0 0.079868 | 22.7s
  Epoch  200 | Loss 2.2912e-02 | Y0 0.121338 | 44.9s
  Epoch  300 | Loss 2.0790e-02 | Y0 0.134276 | 67.0s
  Epoch  400 | Loss 1.8843e-02 | Y0 0.135908 | 88.8s
  Epoch  500 | Loss 2.1532e-02 | Y0 0.137293 | 110.6s
  Epoch  600 | Loss 2.5288e-02 | Y0 0.136860 | 132.7s
  Epoch  700 | Loss 2.2810e-02 | Y0 0.136748 | 154.6s
  Epoch  800 | Loss 2.2447e-02 | Y0 0.137090 | 176.4s
  Epoch  900 | Loss 2.7743e-02 | Y0 0.137737 | 198.5s
  Epoch 1000 | Loss 2.0215e-02 | Y0 0.137798 | 220.4s
  Epoch 1100 | Loss 1.8458e-02 | Y0 0.137711 | 242.3s
  Epoch 1200 | Loss 2.7003e-02 | Y0 0.138142 | 264.3s
  Epoch 1300 | Loss 2.6250e-02 | Y0 0.137441 | 286.2s
  Epoch 1400 | Loss 1.9374e-02 | Y0 0.137211 | 308.0s
  Epoch 1500 | Loss 2.0275e-02 | Y0 0.137296 | 330.1s
  Epoch 1600 | Loss 1.7782e-02 | Y0 0.137308 | 351.9s
  Epoch 1700 | Loss 2.2346e-02 | Y0 0.137075 | 373.8s
  Epoch 1800 | Loss 2.1416e-02 | Y0 0.137511 | 395.6s
  Epoch 1900 | Loss 1.8962e-02 | Y0 0.137248 | 417.4s
  Epoch 2000 | Loss 1.9975e-02 | Y0 0.137317 | 439.2s
  Epoch 2100 | Loss 2.0964e-02 | Y0 0.136864 | 461.3s
  Epoch 2200 | Loss 1.6822e-02 | Y0 0.136694 | 483.1s
  Epoch 2300 | Loss 1.7930e-02 | Y0 0.136898 | 505.1s
  Epoch 2400 | Loss 1.9213e-02 | Y0 0.137337 | 527.2s
  Epoch 2500 | Loss 1.9008e-02 | Y0 0.137376 | 549.2s
  Epoch 2600 | Loss 2.0797e-02 | Y0 0.137363 | 571.2s
  Epoch 2700 | Loss 1.5063e-02 | Y0 0.137238 | 593.0s
  Epoch 2800 | Loss 1.8926e-02 | Y0 0.137212 | 614.8s
  Epoch 2900 | Loss 1.7868e-02 | Y0 0.137196 | 636.8s
  Epoch 2999 | Loss 2.2148e-02 | Y0 0.137140 | 658.6s
Training complete.  Y0 = 0.137140  (658.6s)

======================================================================
Method                  Price       AbsErr       RelErr    Time(s)
----------------------------------------------------------------------
COS (exact)          0.137058            —            —      0.002
MC (10M)             0.137188     0.000130     0.000945       13.0
Triple-Net           0.137140     0.000082     0.000596      658.6
======================================================================

############################################################
# Phase 1 — d = 3 (MC benchmark, 10M paths)
############################################################
  MC batch 5: 500000/10000000 paths
  MC batch 10: 1000000/10000000 paths
  MC batch 15: 1500000/10000000 paths
  MC batch 20: 2000000/10000000 paths
  MC batch 25: 2500000/10000000 paths
  MC batch 30: 3000000/10000000 paths
  MC batch 35: 3500000/10000000 paths
  MC batch 40: 4000000/10000000 paths
  MC batch 45: 4500000/10000000 paths
  MC batch 50: 5000000/10000000 paths
  MC batch 55: 5500000/10000000 paths
  MC batch 60: 6000000/10000000 paths
  MC batch 65: 6500000/10000000 paths
  MC batch 70: 7000000/10000000 paths
  MC batch 75: 7500000/10000000 paths
  MC batch 80: 8000000/10000000 paths
  MC batch 85: 8500000/10000000 paths
  MC batch 90: 9000000/10000000 paths
  MC batch 95: 9500000/10000000 paths
  MC batch 100: 10000000/10000000 paths
  MC price = 0.106027 ± 0.000037  (12.8s, 5000000 paths)

MC reference price: 0.10602746 ± 0.000037

============================================================
Training Triple-Net  d=3
============================================================
=== Triple-Net Basket (SVJDM)  d=3  N=100  M=1024 ===
  Epoch    0 | Loss 1.6133e-01 | Y0 0.001056 | 0.3s
  Epoch  100 | Loss 9.9614e-03 | Y0 0.073722 | 22.3s
  Epoch  200 | Loss 8.0129e-03 | Y0 0.100644 | 44.3s
  Epoch  300 | Loss 7.2643e-03 | Y0 0.104939 | 66.2s
  Epoch  400 | Loss 7.2075e-03 | Y0 0.105879 | 88.2s
  Epoch  500 | Loss 8.2560e-03 | Y0 0.106641 | 110.2s
  Epoch  600 | Loss 9.1720e-03 | Y0 0.106236 | 132.1s
  Epoch  700 | Loss 6.9126e-03 | Y0 0.106048 | 154.2s
  Epoch  800 | Loss 6.7746e-03 | Y0 0.105791 | 176.1s
  Epoch  900 | Loss 6.3494e-03 | Y0 0.106160 | 198.1s
  Epoch 1000 | Loss 7.4387e-03 | Y0 0.105648 | 220.1s
  Epoch 1100 | Loss 8.8575e-03 | Y0 0.106571 | 242.0s
  Epoch 1200 | Loss 7.3789e-03 | Y0 0.106705 | 264.0s
  Epoch 1300 | Loss 6.2379e-03 | Y0 0.106506 | 286.0s
  Epoch 1400 | Loss 7.7964e-03 | Y0 0.106276 | 307.9s
  Epoch 1500 | Loss 6.7288e-03 | Y0 0.105693 | 330.0s
  Epoch 1600 | Loss 7.3562e-03 | Y0 0.106004 | 352.0s
  Epoch 1700 | Loss 6.8428e-03 | Y0 0.106369 | 373.9s
  Epoch 1800 | Loss 6.5503e-03 | Y0 0.106154 | 396.0s
  Epoch 1900 | Loss 5.6935e-03 | Y0 0.106168 | 417.9s
  Epoch 2000 | Loss 6.2248e-03 | Y0 0.105968 | 439.8s
  Epoch 2100 | Loss 6.8680e-03 | Y0 0.106101 | 461.8s
  Epoch 2200 | Loss 6.8504e-03 | Y0 0.105873 | 483.8s
  Epoch 2300 | Loss 7.6846e-03 | Y0 0.105799 | 505.8s
  Epoch 2400 | Loss 6.3818e-03 | Y0 0.106059 | 528.0s
  Epoch 2500 | Loss 6.3924e-03 | Y0 0.106136 | 549.8s
  Epoch 2600 | Loss 6.6362e-03 | Y0 0.106140 | 571.8s
  Epoch 2700 | Loss 8.3727e-03 | Y0 0.106103 | 593.8s
  Epoch 2800 | Loss 6.4673e-03 | Y0 0.106086 | 615.7s
  Epoch 2900 | Loss 6.9807e-03 | Y0 0.106106 | 637.7s
  Epoch 2999 | Loss 6.2447e-03 | Y0 0.106080 | 659.6s
Training complete.  Y0 = 0.106080  (659.6s)

======================================================================
Method                  Price       AbsErr       RelErr    Time(s)
----------------------------------------------------------------------
MC (10M)             0.106027            —            —       12.8
Triple-Net           0.106080     0.000052     0.000494      659.6
======================================================================
Saved: figs/phase1_d1.png
Saved: figs/phase1_d3.png

Phase 1 complete.
