Logging to /home/admin2/svjdm/experiments/phase1_accuracy_20260312.log

############################################################
# Phase 1 — d = 1 (COS exact benchmark)
############################################################

COS reference price: 0.13705818  (0.0024s)
  MC batch 5: 500000/10000000 paths
  MC batch 10: 1000000/10000000 paths
  MC batch 15: 1500000/10000000 paths
  MC batch 20: 2000000/10000000 paths
  MC batch 25: 2500000/10000000 paths
  MC batch 30: 3000000/10000000 paths
  MC batch 35: 3500000/10000000 paths
  MC batch 40: 4000000/10000000 paths
  MC batch 45: 4500000/10000000 paths
  MC batch 50: 5000000/10000000 paths
  MC batch 55: 5500000/10000000 paths
  MC batch 60: 6000000/10000000 paths
  MC batch 65: 6500000/10000000 paths
  MC batch 70: 7000000/10000000 paths
  MC batch 75: 7500000/10000000 paths
  MC batch 80: 8000000/10000000 paths
  MC batch 85: 8500000/10000000 paths
  MC batch 90: 9000000/10000000 paths
  MC batch 95: 9500000/10000000 paths
  MC batch 100: 10000000/10000000 paths
  MC price = 0.137188 ± 0.000061  (15.1s, 5000000 paths)
MC  cross-check:    0.13718771 ± 0.000061

============================================================
Training Triple-Net  d=1
============================================================
=== Triple-Net Basket (SVJDM)  d=1  N=100  M=1024 ===
  Epoch    0 | Loss 1.3639e-01 | Y0 0.001000 | 1.4s
  Epoch  100 | Loss 2.7144e-02 | Y0 0.084711 | 23.1s
  Epoch  200 | Loss 2.3133e-02 | Y0 0.124802 | 44.3s
  Epoch  300 | Loss 2.0872e-02 | Y0 0.135684 | 65.4s
  Epoch  400 | Loss 1.8965e-02 | Y0 0.136231 | 86.5s
  Epoch  500 | Loss 2.2064e-02 | Y0 0.137424 | 107.6s
  Epoch  600 | Loss 2.5453e-02 | Y0 0.136824 | 128.9s
  Epoch  700 | Loss 2.2912e-02 | Y0 0.136708 | 150.2s
  Epoch  800 | Loss 2.2764e-02 | Y0 0.137017 | 171.6s
  Epoch  900 | Loss 2.7949e-02 | Y0 0.137664 | 193.0s
  Epoch 1000 | Loss 2.0680e-02 | Y0 0.137480 | 214.5s
  Epoch 1100 | Loss 1.8795e-02 | Y0 0.137912 | 235.8s
  Epoch 1200 | Loss 2.7078e-02 | Y0 0.137796 | 257.3s
  Epoch 1300 | Loss 2.6172e-02 | Y0 0.136840 | 278.7s
  Epoch 1400 | Loss 1.9516e-02 | Y0 0.137349 | 299.9s
  Epoch 1500 | Loss 2.0038e-02 | Y0 0.137390 | 321.5s
  Epoch 1600 | Loss 1.7962e-02 | Y0 0.137329 | 342.8s
  Epoch 1700 | Loss 2.2532e-02 | Y0 0.137048 | 364.3s
  Epoch 1800 | Loss 2.1279e-02 | Y0 0.137489 | 385.6s
  Epoch 1900 | Loss 1.8870e-02 | Y0 0.137262 | 406.8s
  Epoch 2000 | Loss 2.0105e-02 | Y0 0.137343 | 428.1s
  Epoch 2100 | Loss 2.0915e-02 | Y0 0.136825 | 449.4s
  Epoch 2200 | Loss 1.6932e-02 | Y0 0.136657 | 470.7s
  Epoch 2300 | Loss 1.8056e-02 | Y0 0.136908 | 491.9s
  Epoch 2400 | Loss 1.9188e-02 | Y0 0.137364 | 513.3s
  Epoch 2500 | Loss 1.9242e-02 | Y0 0.137375 | 534.5s
  Epoch 2600 | Loss 2.0817e-02 | Y0 0.137355 | 555.7s
  Epoch 2700 | Loss 1.5147e-02 | Y0 0.137238 | 577.1s
  Epoch 2800 | Loss 1.8897e-02 | Y0 0.137200 | 598.2s
  Epoch 2900 | Loss 1.7902e-02 | Y0 0.137187 | 619.4s
  Epoch 2999 | Loss 2.2324e-02 | Y0 0.137127 | 640.3s
Training complete.  Y0 = 0.137127  (640.3s)

======================================================================
Method                  Price       AbsErr       RelErr    Time(s)
----------------------------------------------------------------------
COS (exact)          0.137058            —            —      0.002
MC (10M)             0.137188     0.000130     0.000945       15.1
Triple-Net           0.137127     0.000069     0.000502      640.3
======================================================================

############################################################
# Phase 1 — d = 3 (MC benchmark, 10M paths)
############################################################
  MC batch 5: 500000/10000000 paths
  MC batch 10: 1000000/10000000 paths
  MC batch 15: 1500000/10000000 paths
  MC batch 20: 2000000/10000000 paths
  MC batch 25: 2500000/10000000 paths
  MC batch 30: 3000000/10000000 paths
  MC batch 35: 3500000/10000000 paths
  MC batch 40: 4000000/10000000 paths
  MC batch 45: 4500000/10000000 paths
  MC batch 50: 5000000/10000000 paths
  MC batch 55: 5500000/10000000 paths
  MC batch 60: 6000000/10000000 paths
  MC batch 65: 6500000/10000000 paths
  MC batch 70: 7000000/10000000 paths
  MC batch 75: 7500000/10000000 paths
  MC batch 80: 8000000/10000000 paths
  MC batch 85: 8500000/10000000 paths
  MC batch 90: 9000000/10000000 paths
  MC batch 95: 9500000/10000000 paths
  MC batch 100: 10000000/10000000 paths
  MC price = 0.106027 ± 0.000037  (13.0s, 5000000 paths)

MC reference price: 0.10602746 ± 0.000037

============================================================
Training Triple-Net  d=3
============================================================
=== Triple-Net Basket (SVJDM)  d=3  N=100  M=1024 ===
  Epoch    0 | Loss 1.6133e-01 | Y0 0.001000 | 0.2s
  Epoch  100 | Loss 9.2998e-03 | Y0 0.078644 | 21.6s
  Epoch  200 | Loss 7.9276e-03 | Y0 0.102823 | 42.9s
  Epoch  300 | Loss 7.0927e-03 | Y0 0.105253 | 64.3s
  Epoch  400 | Loss 7.1453e-03 | Y0 0.105757 | 85.7s
  Epoch  500 | Loss 8.3131e-03 | Y0 0.106437 | 107.0s
  Epoch  600 | Loss 9.2988e-03 | Y0 0.106081 | 128.4s
  Epoch  700 | Loss 6.9194e-03 | Y0 0.105994 | 149.8s
  Epoch  800 | Loss 7.0061e-03 | Y0 0.105777 | 171.0s
  Epoch  900 | Loss 6.6867e-03 | Y0 0.106054 | 192.3s
  Epoch 1000 | Loss 7.9120e-03 | Y0 0.105782 | 213.7s
  Epoch 1100 | Loss 8.7978e-03 | Y0 0.106621 | 235.0s
  Epoch 1200 | Loss 7.4971e-03 | Y0 0.106631 | 256.4s
  Epoch 1300 | Loss 6.4917e-03 | Y0 0.106968 | 277.8s
  Epoch 1400 | Loss 7.9617e-03 | Y0 0.106253 | 299.1s
  Epoch 1500 | Loss 6.8691e-03 | Y0 0.105847 | 320.5s
  Epoch 1600 | Loss 7.3707e-03 | Y0 0.106082 | 341.8s
  Epoch 1700 | Loss 6.8692e-03 | Y0 0.106431 | 363.1s
  Epoch 1800 | Loss 6.5457e-03 | Y0 0.106151 | 384.7s
  Epoch 1900 | Loss 5.7156e-03 | Y0 0.106131 | 406.0s
  Epoch 2000 | Loss 6.2053e-03 | Y0 0.105957 | 427.3s
  Epoch 2100 | Loss 6.8671e-03 | Y0 0.106107 | 448.7s
  Epoch 2200 | Loss 6.8590e-03 | Y0 0.105868 | 470.1s
  Epoch 2300 | Loss 7.6787e-03 | Y0 0.105779 | 491.4s
  Epoch 2400 | Loss 6.3890e-03 | Y0 0.106050 | 512.9s
  Epoch 2500 | Loss 6.4022e-03 | Y0 0.106172 | 534.3s
  Epoch 2600 | Loss 6.6360e-03 | Y0 0.106165 | 555.6s
  Epoch 2700 | Loss 8.3581e-03 | Y0 0.106125 | 577.0s
  Epoch 2800 | Loss 6.4667e-03 | Y0 0.106103 | 598.3s
  Epoch 2900 | Loss 7.0683e-03 | Y0 0.106121 | 619.7s
  Epoch 2999 | Loss 6.2859e-03 | Y0 0.106093 | 640.9s
Training complete.  Y0 = 0.106093  (640.9s)

======================================================================
Method                  Price       AbsErr       RelErr    Time(s)
----------------------------------------------------------------------
MC (10M)             0.106027            —            —       13.0
Triple-Net           0.106093     0.000066     0.000622      640.9
======================================================================
Saved: figs/phase1_d1.png
Saved: figs/phase1_d3.png

Phase 1 complete.
